[0m2021.12.20 00:24:27 INFO  Started: Metals version 0.10.9 in workspace '/Users/ds/Code/advent-of-code-2021/day1/scala/aoc-day1' for client Visual Studio Code 1.63.2.[0m
[0m2021.12.20 00:24:28 INFO  time: initialize in 0.74s[0m
[0m2021.12.20 00:24:28 WARN  Build server is not auto-connectable.[0m
[0m2021.12.20 00:24:28 WARN  no build target for: /Users/ds/Code/advent-of-code-2021/day1/scala/aoc-day1/build.sbt[0m
[0m2021.12.20 00:24:30 INFO  no build target: using presentation compiler with only scala-library: 3.1.0[0m
[0m2021.12.20 00:24:32 INFO  running '/Library/Java/JavaVirtualMachines/jdk-17.0.1.jdk/Contents/Home/bin/java -Djline.terminal=jline.UnsupportedTerminal -Dsbt.log.noformat=true -Dfile.encoding=UTF-8 -jar /var/folders/vp/hgswx26104v_d4ngw4wlsvph0000gn/T/metals12510750466848098036/sbt-launch.jar -Dbloop.export-jar-classifiers=sources bloopInstall'[0m
[0m2021.12.20 00:24:33 WARN  no build target for: /Users/ds/Code/advent-of-code-2021/day1/scala/aoc-day1/project/metals.sbt[0m
[0m2021.12.20 00:24:33 WARN  no build target for: /Users/ds/Code/advent-of-code-2021/day1/scala/aoc-day1/project/project/metals.sbt[0m
[0m2021.12.20 00:24:33 INFO  skipping build import with status 'Started'[0m
[0m2021.12.20 00:24:33 ERROR WARNING: A terminally deprecated method in java.lang.System has been called[0m
[0m2021.12.20 00:24:33 ERROR WARNING: System::setSecurityManager has been called by sbt.TrapExit$ (file:/Users/ds/.sbt/boot/scala-2.12.14/org.scala-sbt/sbt/1.5.7/run_2.12-1.5.7.jar)[0m
[0m2021.12.20 00:24:33 ERROR WARNING: Please consider reporting this to the maintainers of sbt.TrapExit$[0m
[0m2021.12.20 00:24:33 ERROR WARNING: System::setSecurityManager will be removed in a future release[0m
[0m2021.12.20 00:24:33 INFO  [info] welcome to sbt 1.5.7 (Oracle Corporation Java 17.0.1)[0m
[0m2021.12.20 00:24:34 INFO  time: code lens generation in 6.1s[0m
[0m2021.12.20 00:24:34 INFO  [info] loading settings for project aoc-day1-build-build from metals.sbt ...[0m
[0m2021.12.20 00:24:34 INFO  [info] loading project definition from /Users/ds/Code/advent-of-code-2021/day1/scala/aoc-day1/project/project[0m
[0m2021.12.20 00:24:40 INFO  [info] loading settings for project aoc-day1-build from metals.sbt ...[0m
[0m2021.12.20 00:24:40 INFO  [info] loading project definition from /Users/ds/Code/advent-of-code-2021/day1/scala/aoc-day1/project[0m
[0m2021.12.20 00:24:43 INFO  [success] Generated .bloop/aoc-day1-build.json[0m
[0m2021.12.20 00:24:43 INFO  [success] Total time: 3 s, completed 20 Dec 2021, 00:24:43[0m
[0m2021.12.20 00:24:43 INFO  [info] loading settings for project root from build.sbt ...[0m
[0m2021.12.20 00:24:43 INFO  [info] set current project to aoc-day1 (in build file:/Users/ds/Code/advent-of-code-2021/day1/scala/aoc-day1/)[0m
[0m2021.12.20 00:24:49 INFO  [success] Generated .bloop/root.json[0m
[0m2021.12.20 00:24:49 INFO  [success] Generated .bloop/root-test.json[0m
[0m2021.12.20 00:24:49 INFO  [success] Total time: 5 s, completed 20 Dec 2021, 00:24:49[0m
[0m2021.12.20 00:24:49 INFO  time: ran 'sbt bloopInstall' in 16s[0m
[0m2021.12.20 00:24:49 INFO  Attempting to connect to the build server...[0m
Starting the bsp launcher for bloop...
Opening a bsp server connection with 'bsp --protocol local --socket /var/folders/vp/hgswx26104v_d4ngw4wlsvph0000gn/T/bsp-launcher10877478313185767257/bsp.socket'...
Waiting for the bsp connection to come up...
Waiting for the bsp connection to come up...
Waiting for the bsp connection to come up...
Waiting for the bsp connection to come up...
Waiting for the bsp connection to come up...
Waiting for the bsp connection to come up...
Waiting for the bsp connection to come up...
Waiting for the bsp connection to come up...
Waiting for the bsp connection to come up...
Waiting for the bsp connection to come up...
Waiting for the bsp connection to come up...
Waiting for the bsp connection to come up...
No server running at 127.0.0.1:8212, let's fire one...
Resolving ch.epfl.scala:bloop-frontend_2.12:1.4.11...
Starting bloop server at 127.0.0.1:8212...
Attempting a connection to the server...
Attempting a connection to the server...
[0m[32m[D][0m Loading 2 projects from '/Users/ds/Code/advent-of-code-2021/day1/scala/aoc-day1/.bloop'...
[0m[32m[D][0m Loading project from '/Users/ds/Code/advent-of-code-2021/day1/scala/aoc-day1/.bloop/root-test.json'
[0m[32m[D][0m Loading project from '/Users/ds/Code/advent-of-code-2021/day1/scala/aoc-day1/.bloop/root.json'
[0m[32m[D][0m Cache miss for scala instance org.scala-lang:scala-compiler:3.1.0.
[0m[32m[D][0m   => /Users/ds/Library/Caches/Coursier/v1/https/repo1.maven.org/maven2/com/fasterxml/jackson/core/jackson-annotations/2.2.3/jackson-annotations-2.2.3.jar
[0m[32m[D][0m   => /Users/ds/Library/Caches/Coursier/v1/https/repo1.maven.org/maven2/com/fasterxml/jackson/core/jackson-core/2.9.8/jackson-core-2.9.8.jar
[0m[32m[D][0m   => /Users/ds/Library/Caches/Coursier/v1/https/repo1.maven.org/maven2/com/fasterxml/jackson/core/jackson-databind/2.2.3/jackson-databind-2.2.3.jar
[0m[32m[D][0m   => /Users/ds/Library/Caches/Coursier/v1/https/repo1.maven.org/maven2/com/fasterxml/jackson/dataformat/jackson-dataformat-yaml/2.9.8/jackson-dataformat-yaml-2.9.8.jar
[0m[32m[D][0m   => /Users/ds/Library/Caches/Coursier/v1/https/repo1.maven.org/maven2/com/google/protobuf/protobuf-java/3.7.0/protobuf-java-3.7.0.jar
[0m[32m[D][0m   => /Users/ds/Library/Caches/Coursier/v1/https/repo1.maven.org/maven2/com/vladsch/flexmark/flexmark-ext-anchorlink/0.42.12/flexmark-ext-anchorlink-0.42.12.jar
[0m[32m[D][0m   => /Users/ds/Library/Caches/Coursier/v1/https/repo1.maven.org/maven2/com/vladsch/flexmark/flexmark-ext-autolink/0.42.12/flexmark-ext-autolink-0.42.12.jar
[0m[32m[D][0m   => /Users/ds/Library/Caches/Coursier/v1/https/repo1.maven.org/maven2/com/vladsch/flexmark/flexmark-ext-emoji/0.42.12/flexmark-ext-emoji-0.42.12.jar
[0m[32m[D][0m   => /Users/ds/Library/Caches/Coursier/v1/https/repo1.maven.org/maven2/com/vladsch/flexmark/flexmark-ext-gfm-strikethrough/0.42.12/flexmark-ext-gfm-strikethrough-0.42.12.jar
[0m[32m[D][0m   => /Users/ds/Library/Caches/Coursier/v1/https/repo1.maven.org/maven2/com/vladsch/flexmark/flexmark-ext-gfm-tables/0.42.12/flexmark-ext-gfm-tables-0.42.12.jar
[0m[32m[D][0m   => /Users/ds/Library/Caches/Coursier/v1/https/repo1.maven.org/maven2/com/vladsch/flexmark/flexmark-ext-gfm-tasklist/0.42.12/flexmark-ext-gfm-tasklist-0.42.12.jar
[0m[32m[D][0m   => /Users/ds/Library/Caches/Coursier/v1/https/repo1.maven.org/maven2/com/vladsch/flexmark/flexmark-ext-ins/0.42.12/flexmark-ext-ins-0.42.12.jar
[0m[32m[D][0m   => /Users/ds/Library/Caches/Coursier/v1/https/repo1.maven.org/maven2/com/vladsch/flexmark/flexmark-ext-superscript/0.42.12/flexmark-ext-superscript-0.42.12.jar
[0m[32m[D][0m   => /Users/ds/Library/Caches/Coursier/v1/https/repo1.maven.org/maven2/com/vladsch/flexmark/flexmark-ext-tables/0.42.12/flexmark-ext-tables-0.42.12.jar
[0m[32m[D][0m   => /Users/ds/Library/Caches/Coursier/v1/https/repo1.maven.org/maven2/com/vladsch/flexmark/flexmark-ext-wikilink/0.42.12/flexmark-ext-wikilink-0.42.12.jar
[0m[32m[D][0m   => /Users/ds/Library/Caches/Coursier/v1/https/repo1.maven.org/maven2/com/vladsch/flexmark/flexmark-ext-yaml-front-matter/0.42.12/flexmark-ext-yaml-front-matter-0.42.12.jar
[0m[32m[D][0m   => /Users/ds/Library/Caches/Coursier/v1/https/repo1.maven.org/maven2/com/vladsch/flexmark/flexmark-formatter/0.42.12/flexmark-formatter-0.42.12.jar
[0m[32m[D][0m   => /Users/ds/Library/Caches/Coursier/v1/https/repo1.maven.org/maven2/com/vladsch/flexmark/flexmark-html-parser/0.42.12/flexmark-html-parser-0.42.12.jar
[0m[32m[D][0m   => /Users/ds/Library/Caches/Coursier/v1/https/repo1.maven.org/maven2/com/vladsch/flexmark/flexmark-jira-converter/0.42.12/flexmark-jira-converter-0.42.12.jar
[0m[32m[D][0m   => /Users/ds/Library/Caches/Coursier/v1/https/repo1.maven.org/maven2/com/vladsch/flexmark/flexmark-util/0.42.12/flexmark-util-0.42.12.jar
[0m[32m[D][0m   => /Users/ds/Library/Caches/Coursier/v1/https/repo1.maven.org/maven2/com/vladsch/flexmark/flexmark/0.42.12/flexmark-0.42.12.jar
[0m[32m[D][0m   => /Users/ds/Library/Caches/Coursier/v1/https/repo1.maven.org/maven2/net/java/dev/jna/jna/5.3.1/jna-5.3.1.jar
[0m[32m[D][0m   => /Users/ds/Library/Caches/Coursier/v1/https/repo1.maven.org/maven2/nl/big-o/liqp/0.6.7/liqp-0.6.7.jar
[0m[32m[D][0m   => /Users/ds/Library/Caches/Coursier/v1/https/repo1.maven.org/maven2/org/antlr/ST4/4.0.7/ST4-4.0.7.jar
[0m[32m[D][0m   => /Users/ds/Library/Caches/Coursier/v1/https/repo1.maven.org/maven2/org/antlr/antlr-runtime/3.5.1/antlr-runtime-3.5.1.jar
[0m[32m[D][0m   => /Users/ds/Library/Caches/Coursier/v1/https/repo1.maven.org/maven2/org/antlr/antlr/3.5.1/antlr-3.5.1.jar
[0m[32m[D][0m   => /Users/ds/Library/Caches/Coursier/v1/https/repo1.maven.org/maven2/org/jline/jline-reader/3.19.0/jline-reader-3.19.0.jar
[0m[32m[D][0m   => /Users/ds/Library/Caches/Coursier/v1/https/repo1.maven.org/maven2/org/jline/jline-terminal-jna/3.19.0/jline-terminal-jna-3.19.0.jar
[0m[32m[D][0m   => /Users/ds/Library/Caches/Coursier/v1/https/repo1.maven.org/maven2/org/jline/jline-terminal/3.19.0/jline-terminal-3.19.0.jar
[0m[32m[D][0m   => /Users/ds/Library/Caches/Coursier/v1/https/repo1.maven.org/maven2/org/jsoup/jsoup/1.13.1/jsoup-1.13.1.jar
[0m[32m[D][0m   => /Users/ds/Library/Caches/Coursier/v1/https/repo1.maven.org/maven2/org/nibor/autolink/autolink/0.6.0/autolink-0.6.0.jar
[0m[32m[D][0m   => /Users/ds/Library/Caches/Coursier/v1/https/repo1.maven.org/maven2/org/scala-lang/modules/scala-asm/9.1.0-scala-1/scala-asm-9.1.0-scala-1.jar
[0m[32m[D][0m   => /Users/ds/Library/Caches/Coursier/v1/https/repo1.maven.org/maven2/org/scala-lang/scala-library/2.13.6/scala-library-2.13.6.jar
[0m[32m[D][0m   => /Users/ds/Library/Caches/Coursier/v1/https/repo1.maven.org/maven2/org/scala-lang/scala3-compiler_3/3.1.0/scala3-compiler_3-3.1.0.jar
[0m[32m[D][0m   => /Users/ds/Library/Caches/Coursier/v1/https/repo1.maven.org/maven2/org/scala-lang/scala3-interfaces/3.1.0/scala3-interfaces-3.1.0.jar
[0m[32m[D][0m   => /Users/ds/Library/Caches/Coursier/v1/https/repo1.maven.org/maven2/org/scala-lang/scala3-library_3/3.1.0/scala3-library_3-3.1.0.jar
[0m[32m[D][0m   => /Users/ds/Library/Caches/Coursier/v1/https/repo1.maven.org/maven2/org/scala-lang/scala3-tasty-inspector_3/3.1.0/scala3-tasty-inspector_3-3.1.0.jar
[0m[32m[D][0m   => /Users/ds/Library/Caches/Coursier/v1/https/repo1.maven.org/maven2/org/scala-lang/scaladoc_3/3.1.0/scaladoc_3-3.1.0.jar
[0m[32m[D][0m   => /Users/ds/Library/Caches/Coursier/v1/https/repo1.maven.org/maven2/org/scala-lang/tasty-core_3/3.1.0/tasty-core_3-3.1.0.jar
[0m[32m[D][0m   => /Users/ds/Library/Caches/Coursier/v1/https/repo1.maven.org/maven2/org/scala-sbt/compiler-interface/1.3.5/compiler-interface-1.3.5.jar
[0m[32m[D][0m   => /Users/ds/Library/Caches/Coursier/v1/https/repo1.maven.org/maven2/org/scala-sbt/util-interface/1.3.0/util-interface-1.3.0.jar
[0m[32m[D][0m   => /Users/ds/Library/Caches/Coursier/v1/https/repo1.maven.org/maven2/org/yaml/snakeyaml/1.23/snakeyaml-1.23.jar
[0m[32m[D][0m Missing analysis file for project 'root'
[0m[32m[D][0m Missing analysis file for project 'root-test'
[0m[32m[D][0m Waiting for a connection at local:///var/folders/vp/hgswx26104v_d4ngw4wlsvph0000gn/T/bsp-launcher10877478313185767257/bsp.socket...
The server is listening for incoming connections at local:///var/folders/vp/hgswx26104v_d4ngw4wlsvph0000gn/T/bsp-launcher10877478313185767257/bsp.socket...
Starting thread that pumps stdin and redirects it to the bsp server...
Starting thread that pumps server stdout and redirects it to the client stdout...
[0m2021.12.20 00:25:03 INFO  tracing is disabled for protocol BSP, to enable tracing of incoming and outgoing JSON messages create an empty file at /Users/ds/Library/Caches/org.scalameta.metals/bsp.trace.json[0m
[0m2021.12.20 00:25:03 INFO  Attempting to connect to the build server...[0m
Starting the bsp launcher for bloop...
Opening a bsp server connection with 'bsp --protocol local --socket /var/folders/vp/hgswx26104v_d4ngw4wlsvph0000gn/T/bsp-launcher12005189292116305957/bsp.socket'...
Waiting for the bsp connection to come up...
[0m[32m[D][0m Loading workspace settings from bloop.settings.json
[0m[32m[D][0m Waiting for a connection at local:///var/folders/vp/hgswx26104v_d4ngw4wlsvph0000gn/T/bsp-launcher12005189292116305957/bsp.socket...
The server is listening for incoming connections at local:///var/folders/vp/hgswx26104v_d4ngw4wlsvph0000gn/T/bsp-launcher12005189292116305957/bsp.socket...
Starting thread that pumps stdin and redirects it to the bsp server...
Starting thread that pumps server stdout and redirects it to the client stdout...
[0m2021.12.20 00:25:03 INFO  tracing is disabled for protocol BSP, to enable tracing of incoming and outgoing JSON messages create an empty file at /Users/ds/Library/Caches/org.scalameta.metals/bsp.trace.json[0m
[0m2021.12.20 00:25:06 INFO  time: Connected to build server in 17s[0m
[0m2021.12.20 00:25:06 INFO  Connected to Build server: Bloop v1.4.11[0m
[0m2021.12.20 00:25:08 INFO  time: indexed workspace in 1.71s[0m
[0m2021.12.20 00:25:09 INFO  no build target: using presentation compiler with only scala-library: 3.1.0[0m
[0m2021.12.20 00:25:13 INFO  compiling root (1 scala source)[0m
[0m2021.12.20 00:25:15 INFO  time: compiled root in 1.72s[0m
[0m2021.12.20 00:56:36 INFO  compiling root (1 scala source)[0m
[0m2021.12.20 00:56:36 INFO  time: compiled root in 0.58s[0m
[0m2021.12.20 00:57:02 INFO  compiling root (1 scala source)[0m
[0m2021.12.20 00:57:02 INFO  time: compiled root in 0.32s[0m
[0m2021.12.20 00:57:36 INFO  compiling root (1 scala source)[0m
[0m2021.12.20 00:57:36 INFO  time: compiled root in 0.23s[0m
Dec 20, 2021 12:57:38 AM org.eclipse.lsp4j.jsonrpc.RemoteEndpoint handleCancellation
WARNING: Unmatched cancel notification for request id 559
[0m2021.12.20 00:57:50 INFO  compiling root (1 scala source)[0m
[0m2021.12.20 00:57:50 INFO  time: compiled root in 75ms[0m
[0m2021.12.20 00:59:45 INFO  compiling root (1 scala source)[0m
[0m2021.12.20 00:59:45 INFO  time: compiled root in 0.34s[0m
[0m2021.12.20 00:59:54 INFO  compiling root (1 scala source)[0m
[0m2021.12.20 00:59:54 INFO  time: compiled root in 40ms[0m
[0m2021.12.20 00:59:58 INFO  compiling root (1 scala source)[0m
[0m2021.12.20 00:59:58 INFO  time: compiled root in 41ms[0m
[0m2021.12.20 01:00:03 INFO  compiling root (1 scala source)[0m
[0m2021.12.20 01:00:03 INFO  time: compiled root in 0.19s[0m
[0m2021.12.20 01:00:11 INFO  compiling root (1 scala source)[0m
[0m2021.12.20 01:00:11 INFO  time: compiled root in 0.15s[0m
[0m2021.12.20 01:00:13 INFO  compiling root (1 scala source)[0m
[0m2021.12.20 01:00:13 INFO  time: compiled root in 0.16s[0m
[0m2021.12.20 01:00:59 INFO  compiling root (1 scala source)[0m
[0m2021.12.20 01:00:59 INFO  time: compiled root in 0.18s[0m
[0m2021.12.20 01:01:21 INFO  compiling root (1 scala source)[0m
[0m2021.12.20 01:01:21 INFO  time: compiled root in 0.16s[0m
[0m2021.12.20 01:01:38 INFO  compiling root (1 scala source)[0m
[0m2021.12.20 01:01:38 INFO  time: compiled root in 60ms[0m
[0m2021.12.20 01:02:23 INFO  compiling root (1 scala source)[0m
[0m2021.12.20 01:02:23 INFO  time: compiled root in 0.14s[0m
[0m2021.12.20 01:02:28 INFO  compiling root (1 scala source)[0m
[0m2021.12.20 01:02:28 INFO  time: compiled root in 0.13s[0m
[0m2021.12.20 01:02:33 INFO  compiling root (1 scala source)[0m
[0m2021.12.20 01:02:33 INFO  time: compiled root in 0.13s[0m
[0m2021.12.20 01:02:36 INFO  compiling root (1 scala source)[0m
[0m2021.12.20 01:02:36 INFO  time: compiled root in 0.12s[0m
[0m2021.12.20 01:04:51 INFO  compiling root (1 scala source)[0m
[0m2021.12.20 01:04:51 INFO  time: compiled root in 0.14s[0m
Exception in thread "pool-5-thread-1" java.util.NoSuchElementException: head of empty String
	at scala.collection.StringOps$.head$extension(StringOps.scala:1129)
	at dotty.tools.dotc.semanticdb.Scala3$StringOps$.isJavaIdent(Scala3.scala:405)
	at scala.meta.internal.pc.SemanticdbSymbols$.addName$1(SemanticdbSymbols.scala:92)
	at scala.meta.internal.pc.SemanticdbSymbols$.addDescriptor$1(SemanticdbSymbols.scala:127)
	at scala.meta.internal.pc.SemanticdbSymbols$.addSymName(SemanticdbSymbols.scala:137)
	at scala.meta.internal.pc.SemanticdbSymbols$.symbolName(SemanticdbSymbols.scala:79)
	at scala.meta.internal.pc.CompletionProvider.visit$1(CompletionProvider.scala:116)
	at scala.meta.internal.pc.CompletionProvider.$anonfun$5(CompletionProvider.scala:138)
	at scala.meta.internal.pc.CompletionProvider.enrichWithSymbolSearch$$anonfun$1(CompletionProvider.scala:70)
	at scala.collection.immutable.List.map(List.scala:246)
	at scala.meta.internal.pc.CompletionProvider.enrichWithSymbolSearch(CompletionProvider.scala:70)
	at scala.meta.internal.pc.CompletionProvider.filterInteresting(CompletionProvider.scala:138)
	at scala.meta.internal.pc.CompletionProvider.completions(CompletionProvider.scala:44)
	at scala.meta.internal.pc.ScalaPresentationCompiler.complete$$anonfun$1(ScalaPresentationCompiler.scala:166)
	at scala.meta.internal.pc.CompilerAccess.withSharedCompiler(CompilerAccess.scala:137)
	at scala.meta.internal.pc.CompilerAccess.$anonfun$1(CompilerAccess.scala:87)
	at scala.meta.internal.pc.CompilerAccess.onCompilerJobQueue$$anonfun$1(CompilerAccess.scala:197)
	at scala.meta.internal.pc.CompilerJobQueue$Job.run(CompilerJobQueue.scala:139)
	at java.base/java.util.concurrent.ThreadPoolExecutor.runWorker(ThreadPoolExecutor.java:1136)
	at java.base/java.util.concurrent.ThreadPoolExecutor$Worker.run(ThreadPoolExecutor.java:635)
	at java.base/java.lang.Thread.run(Thread.java:833)
[0m2021.12.20 01:08:50 INFO  compiling root (1 scala source)[0m
[0m2021.12.20 01:08:50 INFO  time: compiled root in 67ms[0m
[0m2021.12.20 01:10:31 INFO  compiling root (1 scala source)[0m
[0m2021.12.20 01:10:31 INFO  time: compiled root in 0.15s[0m
[0m2021.12.20 01:11:30 INFO  compiling root (1 scala source)[0m
[0m2021.12.20 01:11:30 INFO  time: compiled root in 0.16s[0m
[0m2021.12.20 01:12:46 INFO  compiling root (1 scala source)[0m
[0m2021.12.20 01:12:46 INFO  time: compiled root in 0.13s[0m
[0m2021.12.20 01:13:38 INFO  compiling root (1 scala source)[0m
[0m2021.12.20 01:13:38 INFO  time: compiled root in 0.11s[0m
[0m2021.12.20 01:14:05 INFO  compiling root (1 scala source)[0m
[0m2021.12.20 01:14:05 INFO  time: compiled root in 0.12s[0m
[0m2021.12.20 01:15:39 INFO  compiling root (1 scala source)[0m
[0m2021.12.20 01:15:39 INFO  time: compiled root in 0.12s[0m
[0m2021.12.20 01:16:35 INFO  compiling root (1 scala source)[0m
[0m2021.12.20 01:16:35 INFO  time: compiled root in 0.14s[0m
[0m2021.12.20 01:16:36 INFO  compiling root (1 scala source)[0m
[0m2021.12.20 01:16:36 INFO  time: compiled root in 0.14s[0m
[0m2021.12.20 01:17:49 INFO  compiling root (1 scala source)[0m
[0m2021.12.20 01:17:49 INFO  time: compiled root in 0.1s[0m
[0m2021.12.20 01:18:27 INFO  compiling root (1 scala source)[0m
[0m2021.12.20 01:18:27 INFO  time: compiled root in 0.12s[0m
